mode: set
github.com\0xor1\oak\oak.go:49.223,52.79 2 1
github.com\0xor1\oak\oak.go:85.2,85.91 1 1
github.com\0xor1\oak\oak.go:104.2,104.56 1 1
github.com\0xor1\oak\oak.go:118.2,118.55 1 1
github.com\0xor1\oak\oak.go:147.2,147.55 1 1
github.com\0xor1\oak\oak.go:180.2,180.54 1 1
github.com\0xor1\oak\oak.go:224.2,224.56 1 1
github.com\0xor1\oak\oak.go:261.2,265.40 5 1
github.com\0xor1\oak\oak.go:52.79,64.47 5 1
github.com\0xor1\oak\oak.go:70.3,70.49 1 1
github.com\0xor1\oak\oak.go:76.3,76.60 1 1
github.com\0xor1\oak\oak.go:82.3,82.22 1 1
github.com\0xor1\oak\oak.go:64.47,66.4 1 1
github.com\0xor1\oak\oak.go:66.4,68.4 1 1
github.com\0xor1\oak\oak.go:70.49,72.4 1 1
github.com\0xor1\oak\oak.go:72.4,74.4 1 1
github.com\0xor1\oak\oak.go:76.60,78.4 1 1
github.com\0xor1\oak\oak.go:78.4,80.4 1 1
github.com\0xor1\oak\oak.go:85.91,87.7 2 1
github.com\0xor1\oak\oak.go:101.3,101.9 1 1
github.com\0xor1\oak\oak.go:87.7,89.18 2 1
github.com\0xor1\oak\oak.go:99.4,99.9 1 1
github.com\0xor1\oak\oak.go:89.18,90.22 1 1
github.com\0xor1\oak\oak.go:90.22,92.130 2 1
github.com\0xor1\oak\oak.go:92.130,95.15 3 1
github.com\0xor1\oak\oak.go:104.56,106.23 2 1
github.com\0xor1\oak\oak.go:115.3,115.44 1 1
github.com\0xor1\oak\oak.go:106.23,109.18 3 1
github.com\0xor1\oak\oak.go:113.4,113.47 1 1
github.com\0xor1\oak\oak.go:109.18,112.5 2 1
github.com\0xor1\oak\oak.go:118.55,120.17 2 1
github.com\0xor1\oak\oak.go:125.3,127.17 3 1
github.com\0xor1\oak\oak.go:132.3,133.44 2 1
github.com\0xor1\oak\oak.go:142.3,144.26 3 1
github.com\0xor1\oak\oak.go:120.17,123.4 2 1
github.com\0xor1\oak\oak.go:127.17,130.4 2 1
github.com\0xor1\oak\oak.go:133.44,134.59 1 1
github.com\0xor1\oak\oak.go:134.59,135.64 1 1
github.com\0xor1\oak\oak.go:135.64,138.6 1 1
github.com\0xor1\oak\oak.go:147.55,149.17 2 1
github.com\0xor1\oak\oak.go:154.3,156.17 3 1
github.com\0xor1\oak\oak.go:161.3,161.37 1 1
github.com\0xor1\oak\oak.go:166.3,168.34 3 1
github.com\0xor1\oak\oak.go:175.3,177.26 3 1
github.com\0xor1\oak\oak.go:149.17,152.4 2 1
github.com\0xor1\oak\oak.go:156.17,159.4 2 1
github.com\0xor1\oak\oak.go:161.37,164.4 2 1
github.com\0xor1\oak\oak.go:168.34,169.25 1 1
github.com\0xor1\oak\oak.go:169.25,171.5 1 1
github.com\0xor1\oak\oak.go:171.5,173.5 1 1
github.com\0xor1\oak\oak.go:180.54,184.27 4 1
github.com\0xor1\oak\oak.go:189.3,191.17 3 1
github.com\0xor1\oak\oak.go:196.3,199.17 4 1
github.com\0xor1\oak\oak.go:204.3,204.57 1 1
github.com\0xor1\oak\oak.go:209.3,209.61 1 1
github.com\0xor1\oak\oak.go:214.3,214.24 1 1
github.com\0xor1\oak\oak.go:219.3,221.26 3 1
github.com\0xor1\oak\oak.go:184.27,187.4 2 1
github.com\0xor1\oak\oak.go:191.17,194.4 2 1
github.com\0xor1\oak\oak.go:199.17,202.4 2 1
github.com\0xor1\oak\oak.go:204.57,207.4 2 1
github.com\0xor1\oak\oak.go:209.61,212.4 2 1
github.com\0xor1\oak\oak.go:214.24,216.4 1 1
github.com\0xor1\oak\oak.go:216.4,218.4 1 1
github.com\0xor1\oak\oak.go:224.56,228.26 4 1
github.com\0xor1\oak\oak.go:233.3,234.17 2 1
github.com\0xor1\oak\oak.go:239.3,241.17 3 1
github.com\0xor1\oak\oak.go:246.3,247.17 2 1
github.com\0xor1\oak\oak.go:252.3,253.17 2 1
github.com\0xor1\oak\oak.go:258.3,258.12 1 1
github.com\0xor1\oak\oak.go:228.26,231.4 2 1
github.com\0xor1\oak\oak.go:234.17,237.4 2 1
github.com\0xor1\oak\oak.go:241.17,244.4 2 1
github.com\0xor1\oak\oak.go:247.17,250.4 2 1
github.com\0xor1\oak\oak.go:253.17,256.4 2 1
github.com\0xor1\oak\oak.go:277.76,287.2 5 1
github.com\0xor1\oak\oak.go:289.33,295.2 5 1
github.com\0xor1\oak\oak.go:297.39,299.2 1 1
github.com\0xor1\oak\oak.go:301.38,303.2 1 1
github.com\0xor1\oak\oak.go:305.40,307.2 1 1
github.com\0xor1\oak\oak.go:309.38,311.2 1 1
github.com\0xor1\oak\oak.go:315.61,320.2 4 1
github.com\0xor1\oak\oak.go:322.37,324.19 2 1
github.com\0xor1\oak\oak.go:327.2,329.13 3 1
github.com\0xor1\oak\oak.go:324.19,326.3 1 1
github.com\0xor1\oak\oak.go:332.50,334.2 1 1
github.com\0xor1\oak\oak.go:336.96,338.45 2 1
github.com\0xor1\oak\oak.go:358.2,358.8 1 1
github.com\0xor1\oak\oak.go:338.45,339.37 1 1
github.com\0xor1\oak\oak.go:339.37,341.17 2 1
github.com\0xor1\oak\oak.go:341.17,342.58 1 1
github.com\0xor1\oak\oak.go:342.58,343.45 1 1
github.com\0xor1\oak\oak.go:343.45,345.7 1 1
github.com\0xor1\oak\oak.go:345.7,347.7 1 1
github.com\0xor1\oak\oak.go:348.6,350.6 1 1
github.com\0xor1\oak\oak.go:352.4,354.4 1 1
github.com\0xor1\oak\oak.go:355.3,357.3 1 1
