mode: set
github.com\0xor1\joak\joak.go:30.22,32.2 1 1
github.com\0xor1\joak\joak.go:34.144,39.21 3 1
github.com\0xor1\joak\joak.go:65.2,65.99 1 1
github.com\0xor1\joak\joak.go:39.21,41.73 2 1
github.com\0xor1\joak\joak.go:41.73,43.42 2 1
github.com\0xor1\joak\joak.go:47.4,51.29 5 1
github.com\0xor1\joak\joak.go:61.4,61.30 1 1
github.com\0xor1\joak\joak.go:43.42,46.5 2 0
github.com\0xor1\joak\joak.go:51.29,53.30 2 1
github.com\0xor1\joak\joak.go:56.5,56.19 1 1
github.com\0xor1\joak\joak.go:59.5,59.29 1 1
github.com\0xor1\joak\joak.go:53.30,54.11 1 1
github.com\0xor1\joak\joak.go:56.19,58.6 1 0
github.com\0xor1\joak\joak.go:65.99,69.3 3 1
github.com\0xor1\joak\joak.go:72.55,74.41 2 1
github.com\0xor1\joak\joak.go:74.41,74.43 0 1
github.com\0xor1\joak\joak.go:74.95,74.108 1 1
github.com\0xor1\joak\joak.go:83.61,87.28 4 1
github.com\0xor1\joak\joak.go:90.2,90.19 1 1
github.com\0xor1\joak\joak.go:87.28,89.3 1 1
github.com\0xor1\joak\joak.go:93.66,97.28 4 1
github.com\0xor1\joak\joak.go:100.2,100.15 1 1
github.com\0xor1\joak\joak.go:97.28,99.3 1 1
github.com\0xor1\joak\joak.go:103.75,106.8 3 1
github.com\0xor1\joak\joak.go:109.2,109.37 1 1
github.com\0xor1\joak\joak.go:106.8,108.3 1 1
github.com\0xor1\joak\joak.go:112.291,115.91 3 1
github.com\0xor1\joak\joak.go:115.91,115.108 1 0
github.com\0xor1\joak\joak.go:118.392,119.16 1 1
github.com\0xor1\joak\joak.go:122.2,122.32 1 1
github.com\0xor1\joak\joak.go:125.2,125.34 1 1
github.com\0xor1\joak\joak.go:129.2,130.60 2 1
github.com\0xor1\joak\joak.go:134.2,135.12 2 1
github.com\0xor1\joak\joak.go:119.16,121.3 1 1
github.com\0xor1\joak\joak.go:122.32,124.3 1 1
github.com\0xor1\joak\joak.go:125.34,127.3 1 1
github.com\0xor1\joak\joak.go:130.60,133.3 2 0
github.com\0xor1\joak\joak.go:138.141,143.2 4 1
