mode: set
github.com\0xor1\joak\joak.go:37.22,39.2 1 1
github.com\0xor1\joak\joak.go:41.166,43.21 1 1
github.com\0xor1\joak\joak.go:71.2,71.99 1 1
github.com\0xor1\joak\joak.go:43.21,46.103 3 1
github.com\0xor1\joak\joak.go:46.103,47.57 1 1
github.com\0xor1\joak\joak.go:51.4,55.29 5 1
github.com\0xor1\joak\joak.go:65.4,65.30 1 1
github.com\0xor1\joak\joak.go:47.57,50.5 2 0
github.com\0xor1\joak\joak.go:55.29,57.30 2 1
github.com\0xor1\joak\joak.go:60.5,60.19 1 1
github.com\0xor1\joak\joak.go:63.5,63.29 1 1
github.com\0xor1\joak\joak.go:57.30,58.11 1 1
github.com\0xor1\joak\joak.go:60.19,62.6 1 0
github.com\0xor1\joak\joak.go:66.4,68.4 1 1
github.com\0xor1\joak\joak.go:71.99,75.3 3 1
github.com\0xor1\joak\joak.go:75.35,77.3 1 1
github.com\0xor1\joak\joak.go:80.104,81.41 1 1
github.com\0xor1\joak\joak.go:81.41,81.43 0 1
github.com\0xor1\joak\joak.go:81.95,81.108 1 1
github.com\0xor1\joak\joak.go:81.140,81.163 1 1
github.com\0xor1\joak\joak.go:90.61,94.28 4 1
github.com\0xor1\joak\joak.go:97.2,97.19 1 1
github.com\0xor1\joak\joak.go:94.28,96.3 1 1
github.com\0xor1\joak\joak.go:100.66,104.28 4 1
github.com\0xor1\joak\joak.go:107.2,107.15 1 1
github.com\0xor1\joak\joak.go:104.28,106.3 1 1
github.com\0xor1\joak\joak.go:110.75,113.8 3 1
github.com\0xor1\joak\joak.go:116.2,116.37 1 1
github.com\0xor1\joak\joak.go:113.8,115.3 1 1
github.com\0xor1\joak\joak.go:119.340,122.91 3 1
github.com\0xor1\joak\joak.go:122.91,122.108 1 1
github.com\0xor1\joak\joak.go:125.414,126.16 1 1
github.com\0xor1\joak\joak.go:129.2,129.32 1 1
github.com\0xor1\joak\joak.go:132.2,132.34 1 1
github.com\0xor1\joak\joak.go:136.2,137.60 2 1
github.com\0xor1\joak\joak.go:141.2,142.12 2 1
github.com\0xor1\joak\joak.go:126.16,128.3 1 1
github.com\0xor1\joak\joak.go:129.32,131.3 1 1
github.com\0xor1\joak\joak.go:132.34,134.3 1 1
github.com\0xor1\joak\joak.go:137.60,140.3 2 1
github.com\0xor1\joak\joak.go:145.141,150.2 4 1
