mode: set
github.com\0xor1\sus\mutex_byte.go:14.157,17.52 2 1
github.com\0xor1\sus\mutex_byte.go:39.2,39.53 1 1
github.com\0xor1\sus\mutex_byte.go:53.2,53.45 1 1
github.com\0xor1\sus\mutex_byte.go:64.2,64.38 1 1
github.com\0xor1\sus\mutex_byte.go:70.2,70.67 1 1
github.com\0xor1\sus\mutex_byte.go:17.52,22.29 5 1
github.com\0xor1\sus\mutex_byte.go:33.3,33.17 1 1
github.com\0xor1\sus\mutex_byte.go:36.3,36.17 1 1
github.com\0xor1\sus\mutex_byte.go:22.29,24.18 2 1
github.com\0xor1\sus\mutex_byte.go:27.4,29.18 3 1
github.com\0xor1\sus\mutex_byte.go:24.18,25.10 1 1
github.com\0xor1\sus\mutex_byte.go:29.18,30.10 1 1
github.com\0xor1\sus\mutex_byte.go:33.17,35.4 1 1
github.com\0xor1\sus\mutex_byte.go:39.53,43.29 4 1
github.com\0xor1\sus\mutex_byte.go:50.3,50.13 1 1
github.com\0xor1\sus\mutex_byte.go:43.29,45.18 2 1
github.com\0xor1\sus\mutex_byte.go:48.4,48.23 1 1
github.com\0xor1\sus\mutex_byte.go:45.18,46.10 1 1
github.com\0xor1\sus\mutex_byte.go:53.45,55.30 2 1
github.com\0xor1\sus\mutex_byte.go:61.3,61.9 1 1
github.com\0xor1\sus\mutex_byte.go:55.30,57.18 2 1
github.com\0xor1\sus\mutex_byte.go:57.18,58.10 1 1
github.com\0xor1\sus\mutex_byte.go:64.38,68.3 3 1
github.com\0xor1\sus\mutex_byte.go:77.53,79.2 1 1
github.com\0xor1\sus\sus.go:41.142,43.2 1 1
github.com\0xor1\sus\sus.go:56.60,58.35 2 1
github.com\0xor1\sus\sus.go:62.2,62.8 1 1
github.com\0xor1\sus\sus.go:58.35,61.3 2 1
github.com\0xor1\sus\sus.go:66.81,67.16 1 1
github.com\0xor1\sus\sus.go:70.2,71.40 2 1
github.com\0xor1\sus\sus.go:80.2,80.8 1 1
github.com\0xor1\sus\sus.go:67.16,69.3 1 1
github.com\0xor1\sus\sus.go:71.40,74.31 3 1
github.com\0xor1\sus\sus.go:78.3,78.29 1 1
github.com\0xor1\sus\sus.go:74.31,77.4 2 1
github.com\0xor1\sus\sus.go:84.56,86.18 2 1
github.com\0xor1\sus\sus.go:89.2,89.8 1 1
github.com\0xor1\sus\sus.go:86.18,88.3 1 1
github.com\0xor1\sus\sus.go:93.67,94.19 1 1
github.com\0xor1\sus\sus.go:97.2,97.40 1 1
github.com\0xor1\sus\sus.go:106.2,106.8 1 1
github.com\0xor1\sus\sus.go:94.19,96.3 1 1
github.com\0xor1\sus\sus.go:97.40,99.17 2 1
github.com\0xor1\sus\sus.go:104.3,104.13 1 1
github.com\0xor1\sus\sus.go:99.17,100.31 1 1
github.com\0xor1\sus\sus.go:100.31,102.5 1 1
github.com\0xor1\sus\sus.go:110.58,113.2 2 1
github.com\0xor1\sus\sus.go:116.69,118.22 2 1
github.com\0xor1\sus\sus.go:122.2,122.16 1 1
github.com\0xor1\sus\sus.go:125.2,125.40 1 1
github.com\0xor1\sus\sus.go:151.2,151.8 1 1
github.com\0xor1\sus\sus.go:118.22,121.3 2 1
github.com\0xor1\sus\sus.go:122.16,124.3 1 1
github.com\0xor1\sus\sus.go:125.40,127.17 2 1
github.com\0xor1\sus\sus.go:149.3,149.13 1 1
github.com\0xor1\sus\sus.go:127.17,128.31 1 1
github.com\0xor1\sus\sus.go:128.31,130.5 1 1
github.com\0xor1\sus\sus.go:131.4,133.31 2 1
github.com\0xor1\sus\sus.go:141.4,141.18 1 1
github.com\0xor1\sus\sus.go:133.31,134.52 1 1
github.com\0xor1\sus\sus.go:139.5,139.29 1 1
github.com\0xor1\sus\sus.go:134.52,137.11 3 1
github.com\0xor1\sus\sus.go:141.18,142.35 1 1
github.com\0xor1\sus\sus.go:142.35,144.6 1 1
github.com\0xor1\sus\sus.go:145.5,147.5 1 1
github.com\0xor1\sus\sus.go:155.41,157.2 1 1
github.com\0xor1\sus\sus.go:160.49,161.19 1 1
github.com\0xor1\sus\sus.go:164.2,164.41 1 1
github.com\0xor1\sus\sus.go:161.19,163.3 1 1
github.com\0xor1\sus\sus.go:164.41,166.3 1 1
github.com\0xor1\sus\sus.go:173.41,173.110 1 1
github.com\0xor1\sus\sus.go:179.51,179.114 1 1
github.com\0xor1\sus\sus.go:186.60,186.151 1 1
github.com\0xor1\sus\file.go:9.89,11.2 1 1
github.com\0xor1\sus\file.go:14.130,17.16 2 1
github.com\0xor1\sus\file.go:21.2,21.40 1 1
github.com\0xor1\sus\file.go:25.2,25.41 1 1
github.com\0xor1\sus\file.go:36.2,36.41 1 1
github.com\0xor1\sus\file.go:40.2,40.31 1 1
github.com\0xor1\sus\file.go:44.2,44.43 1 1
github.com\0xor1\sus\file.go:49.2,49.80 1 1
github.com\0xor1\sus\file.go:17.16,19.3 1 1
github.com\0xor1\sus\file.go:21.40,23.3 1 1
github.com\0xor1\sus\file.go:25.41,27.40 2 1
github.com\0xor1\sus\file.go:33.3,33.29 1 1
github.com\0xor1\sus\file.go:27.40,28.26 1 1
github.com\0xor1\sus\file.go:31.4,31.19 1 1
github.com\0xor1\sus\file.go:28.26,30.5 1 1
github.com\0xor1\sus\file.go:36.41,38.3 1 1
github.com\0xor1\sus\file.go:40.31,42.3 1 1
github.com\0xor1\sus\file.go:44.43,47.3 2 1
github.com\0xor1\sus\memory.go:7.45,9.2 1 1
github.com\0xor1\sus\memory.go:11.48,13.2 1 1
github.com\0xor1\sus\memory.go:16.65,18.2 1 1
github.com\0xor1\sus\memory.go:21.90,24.41 2 1
github.com\0xor1\sus\memory.go:33.2,33.41 1 1
github.com\0xor1\sus\memory.go:38.2,38.31 1 1
github.com\0xor1\sus\memory.go:43.2,43.43 1 1
github.com\0xor1\sus\memory.go:48.2,48.75 1 1
github.com\0xor1\sus\memory.go:24.41,27.14 3 1
github.com\0xor1\sus\memory.go:30.3,30.16 1 1
github.com\0xor1\sus\memory.go:27.14,29.4 1 1
github.com\0xor1\sus\memory.go:33.41,36.3 2 1
github.com\0xor1\sus\memory.go:38.31,41.3 2 1
github.com\0xor1\sus\memory.go:43.43,46.3 2 1
