mode: set
github.com\0xor1\sus\file.go:9.89,11.2 1 1
github.com\0xor1\sus\file.go:14.130,17.16 2 1
github.com\0xor1\sus\file.go:21.2,21.40 1 1
github.com\0xor1\sus\file.go:25.2,25.41 1 1
github.com\0xor1\sus\file.go:36.2,36.41 1 1
github.com\0xor1\sus\file.go:40.2,40.31 1 1
github.com\0xor1\sus\file.go:44.2,44.43 1 1
github.com\0xor1\sus\file.go:49.2,49.80 1 1
github.com\0xor1\sus\file.go:17.16,19.3 1 1
github.com\0xor1\sus\file.go:21.40,23.3 1 1
github.com\0xor1\sus\file.go:25.41,27.40 2 1
github.com\0xor1\sus\file.go:33.3,33.29 1 1
github.com\0xor1\sus\file.go:27.40,28.26 1 1
github.com\0xor1\sus\file.go:31.4,31.19 1 1
github.com\0xor1\sus\file.go:28.26,30.5 1 1
github.com\0xor1\sus\file.go:36.41,38.3 1 1
github.com\0xor1\sus\file.go:40.31,42.3 1 1
github.com\0xor1\sus\file.go:44.43,47.3 2 1
github.com\0xor1\sus\gae.go:12.71,16.64 3 0
github.com\0xor1\sus\gae.go:20.2,20.59 1 0
github.com\0xor1\sus\gae.go:32.2,32.59 1 0
github.com\0xor1\sus\gae.go:42.2,42.39 1 0
github.com\0xor1\sus\gae.go:51.2,51.43 1 0
github.com\0xor1\sus\gae.go:55.2,55.38 1 0
github.com\0xor1\sus\gae.go:67.2,67.78 1 0
github.com\0xor1\sus\gae.go:16.64,18.3 1 0
github.com\0xor1\sus\gae.go:20.59,24.30 4 0
github.com\0xor1\sus\gae.go:28.3,29.9 2 0
github.com\0xor1\sus\gae.go:24.30,27.4 2 0
github.com\0xor1\sus\gae.go:32.59,35.30 3 0
github.com\0xor1\sus\gae.go:38.3,39.9 2 0
github.com\0xor1\sus\gae.go:35.30,37.4 1 0
github.com\0xor1\sus\gae.go:42.39,45.30 3 0
github.com\0xor1\sus\gae.go:48.3,48.38 1 0
github.com\0xor1\sus\gae.go:45.30,47.4 1 0
github.com\0xor1\sus\gae.go:51.43,53.3 1 0
github.com\0xor1\sus\gae.go:55.38,56.83 1 0
github.com\0xor1\sus\gae.go:56.83,58.16 2 0
github.com\0xor1\sus\gae.go:62.4,63.17 2 0
github.com\0xor1\sus\gae.go:58.16,61.5 2 0
github.com\0xor1\sus\memory.go:7.45,9.2 1 1
github.com\0xor1\sus\memory.go:11.48,13.2 1 1
github.com\0xor1\sus\memory.go:16.65,18.2 1 1
github.com\0xor1\sus\memory.go:21.90,24.41 2 1
github.com\0xor1\sus\memory.go:33.2,33.41 1 1
github.com\0xor1\sus\memory.go:38.2,38.31 1 1
github.com\0xor1\sus\memory.go:43.2,43.43 1 1
github.com\0xor1\sus\memory.go:48.2,48.75 1 1
github.com\0xor1\sus\memory.go:24.41,27.14 3 1
github.com\0xor1\sus\memory.go:30.3,30.16 1 1
github.com\0xor1\sus\memory.go:27.14,29.4 1 1
github.com\0xor1\sus\memory.go:33.41,36.3 2 1
github.com\0xor1\sus\memory.go:38.31,41.3 2 1
github.com\0xor1\sus\memory.go:43.43,46.3 2 1
github.com\0xor1\sus\mutex_byte.go:14.157,17.52 2 1
github.com\0xor1\sus\mutex_byte.go:39.2,39.53 1 1
github.com\0xor1\sus\mutex_byte.go:53.2,53.45 1 1
github.com\0xor1\sus\mutex_byte.go:64.2,64.38 1 1
github.com\0xor1\sus\mutex_byte.go:70.2,70.67 1 1
github.com\0xor1\sus\mutex_byte.go:17.52,22.29 5 1
github.com\0xor1\sus\mutex_byte.go:33.3,33.17 1 1
github.com\0xor1\sus\mutex_byte.go:36.3,36.17 1 1
github.com\0xor1\sus\mutex_byte.go:22.29,24.18 2 1
github.com\0xor1\sus\mutex_byte.go:27.4,29.18 3 1
github.com\0xor1\sus\mutex_byte.go:24.18,25.10 1 1
github.com\0xor1\sus\mutex_byte.go:29.18,30.10 1 1
github.com\0xor1\sus\mutex_byte.go:33.17,35.4 1 1
github.com\0xor1\sus\mutex_byte.go:39.53,43.29 4 1
github.com\0xor1\sus\mutex_byte.go:50.3,50.13 1 1
github.com\0xor1\sus\mutex_byte.go:43.29,45.18 2 1
github.com\0xor1\sus\mutex_byte.go:48.4,48.23 1 1
github.com\0xor1\sus\mutex_byte.go:45.18,46.10 1 1
github.com\0xor1\sus\mutex_byte.go:53.45,55.30 2 1
github.com\0xor1\sus\mutex_byte.go:61.3,61.9 1 1
github.com\0xor1\sus\mutex_byte.go:55.30,57.18 2 1
github.com\0xor1\sus\mutex_byte.go:57.18,58.10 1 1
github.com\0xor1\sus\mutex_byte.go:64.38,68.3 3 1
github.com\0xor1\sus\mutex_byte.go:77.53,79.2 1 1
github.com\0xor1\sus\sus.go:21.27,24.2 2 1
github.com\0xor1\sus\sus.go:28.36,30.2 1 1
github.com\0xor1\sus\sus.go:32.36,34.2 1 1
github.com\0xor1\sus\sus.go:36.39,38.2 1 1
github.com\0xor1\sus\sus.go:40.39,42.2 1 1
github.com\0xor1\sus\sus.go:66.142,68.2 1 1
github.com\0xor1\sus\sus.go:81.60,83.35 2 1
github.com\0xor1\sus\sus.go:87.2,87.8 1 1
github.com\0xor1\sus\sus.go:83.35,86.3 2 1
github.com\0xor1\sus\sus.go:91.81,92.16 1 1
github.com\0xor1\sus\sus.go:95.2,96.40 2 1
github.com\0xor1\sus\sus.go:105.2,105.8 1 1
github.com\0xor1\sus\sus.go:92.16,94.3 1 1
github.com\0xor1\sus\sus.go:96.40,99.31 3 1
github.com\0xor1\sus\sus.go:103.3,103.29 1 1
github.com\0xor1\sus\sus.go:99.31,102.4 2 1
github.com\0xor1\sus\sus.go:109.56,111.18 2 1
github.com\0xor1\sus\sus.go:114.2,114.8 1 1
github.com\0xor1\sus\sus.go:111.18,113.3 1 1
github.com\0xor1\sus\sus.go:118.67,119.19 1 1
github.com\0xor1\sus\sus.go:122.2,122.40 1 1
github.com\0xor1\sus\sus.go:131.2,131.8 1 1
github.com\0xor1\sus\sus.go:119.19,121.3 1 1
github.com\0xor1\sus\sus.go:122.40,124.17 2 1
github.com\0xor1\sus\sus.go:129.3,129.13 1 1
github.com\0xor1\sus\sus.go:124.17,125.31 1 1
github.com\0xor1\sus\sus.go:125.31,127.5 1 1
github.com\0xor1\sus\sus.go:135.58,138.2 2 1
github.com\0xor1\sus\sus.go:141.69,143.22 2 1
github.com\0xor1\sus\sus.go:147.2,147.16 1 1
github.com\0xor1\sus\sus.go:150.2,150.40 1 1
github.com\0xor1\sus\sus.go:176.2,176.8 1 1
github.com\0xor1\sus\sus.go:143.22,146.3 2 1
github.com\0xor1\sus\sus.go:147.16,149.3 1 1
github.com\0xor1\sus\sus.go:150.40,152.17 2 1
github.com\0xor1\sus\sus.go:174.3,174.13 1 1
github.com\0xor1\sus\sus.go:152.17,153.31 1 1
github.com\0xor1\sus\sus.go:153.31,155.5 1 1
github.com\0xor1\sus\sus.go:156.4,158.31 2 1
github.com\0xor1\sus\sus.go:166.4,166.18 1 1
github.com\0xor1\sus\sus.go:158.31,159.52 1 1
github.com\0xor1\sus\sus.go:164.5,164.29 1 1
github.com\0xor1\sus\sus.go:159.52,162.11 3 1
github.com\0xor1\sus\sus.go:166.18,167.35 1 1
github.com\0xor1\sus\sus.go:167.35,169.6 1 1
github.com\0xor1\sus\sus.go:170.5,172.5 1 1
github.com\0xor1\sus\sus.go:180.41,182.2 1 1
github.com\0xor1\sus\sus.go:185.49,186.19 1 1
github.com\0xor1\sus\sus.go:189.2,189.41 1 1
github.com\0xor1\sus\sus.go:186.19,188.3 1 1
github.com\0xor1\sus\sus.go:189.41,191.3 1 1
github.com\0xor1\sus\sus.go:198.41,198.110 1 1
github.com\0xor1\sus\sus.go:204.51,204.114 1 1
github.com\0xor1\sus\sus.go:211.60,211.151 1 1
